[espinozasoftware.xyz/index.html]
[espinozasoftware.xyz/assets/img/favicon.ico]
[espinozasoftware.xyz/assets/img/favicon.html]
[backblue.gif]
[fade.gif]
[index.html]
[espinozasoftware.xyz/assets/css/index.css]
[espinozasoftware.xyz/assets/img/logo.png]
[espinozasoftware.xyz/legal/terms.html]
[espinozasoftware.xyz/legal/privacy.html]
[espinozasoftware.xyz/legal/refund.html]
[espinozasoftware.xyz/assets/img/categories/cheats.png]
[espinozasoftware.xyz/assets/img/categories/spoofers.png]
[espinozasoftware.xyz/uploads/account.png]
[espinozasoftware.xyz/index.html]
[espinozasoftware.xyz/assets/js/index.js]
[espinozasoftware.xyz/assets/img/favicon.html]
[espinozasoftware.xyz/cdnjs.cloudflare.com/ajax/libs/font-awesome/6.0.0/css/all.min.html]
[espinozasoftware.xyz/assets/img/hero-bg.png]
[espinozasoftware.xyz/assets/css/index.css]
[espinozasoftware.xyz/index-2.html]
[espinozasoftware.xyz/legal/terms.html]
[espinozasoftware.xyz/legal/privacy.html]
[espinozasoftware.xyz/legal/refund.html]
[espinozasoftware.xyz/index-2.html]
